<?xml version="1.0" encoding="UTF-8"?>
<!-- Generated by org.testng.reporters.JUnitReportReporter -->
<testsuite hostname="admin1-desktop" failures="0" tests="1" name="com.bridgelabz.selenium.fundoopush.test.LoginTest" time="114.092" errors="0" timestamp="12 Dec 2019 11:46:24 GMT" skipped="0">
  <testcase classname="com.bridgelabz.selenium.fundoopush.test.LoginTest" name="loginTest" time="114.092"/>
</testsuite> <!-- com.bridgelabz.selenium.fundoopush.test.LoginTest -->
